<?xml version="1.0" encoding="UTF-8"?>
<!-- Generated by org.testng.reporters.JUnitReportReporter -->
<testsuite skipped="0" hostname="INLN56578355A" name="com.GuruTesting.TestCases.TC_AddCustomerTest_003" tests="1" failures="0" timestamp="30 Aug 2018 11:00:50 GMT" time="13.808" errors="0">
  <testcase name="addNewCustomer" time="13.808" classname="com.GuruTesting.TestCases.TC_AddCustomerTest_003"/>
</testsuite> <!-- com.GuruTesting.TestCases.TC_AddCustomerTest_003 -->
